CRITICAL - 2024-05-21 00:32:45 --> syntax error, unexpected token "class"
#0 C:\xampp\htdocs\classroom\system\View\View.php(213): CodeIgniter\View\View->CodeIgniter\View\{closure}()
#1 C:\xampp\htdocs\classroom\system\Common.php(1089): CodeIgniter\View\View->render('teacher/add_tea...', Array, true)
#2 C:\xampp\htdocs\classroom\app\Config\Routes.php(86): view('teacher/add_tea...')
#3 C:\xampp\htdocs\classroom\system\CodeIgniter.php(788): CodeIgniter\CodeIgniter->Config\{closure}()
#4 C:\xampp\htdocs\classroom\system\CodeIgniter.php(406): CodeIgniter\CodeIgniter->startController()
#5 C:\xampp\htdocs\classroom\system\CodeIgniter.php(326): CodeIgniter\CodeIgniter->handleRequest(NULL, Object(Config\Cache), false)
#6 C:\xampp\htdocs\classroom\public\index.php(37): CodeIgniter\CodeIgniter->run()
#7 {main}
CRITICAL - 2024-05-21 00:33:20 --> Undefined variable $classes
#0 C:\xampp\htdocs\classroom\app\Views\teacher\add_teacher.php(60): CodeIgniter\Debug\Exceptions->errorHandler(2, 'Undefined varia...', 'C:\\xampp\\htdocs...', 60)
#1 C:\xampp\htdocs\classroom\system\View\View.php(210): include('C:\\xampp\\htdocs...')
#2 C:\xampp\htdocs\classroom\system\View\View.php(213): CodeIgniter\View\View->CodeIgniter\View\{closure}()
#3 C:\xampp\htdocs\classroom\system\Common.php(1089): CodeIgniter\View\View->render('teacher/add_tea...', Array, true)
#4 C:\xampp\htdocs\classroom\app\Config\Routes.php(86): view('teacher/add_tea...')
#5 C:\xampp\htdocs\classroom\system\CodeIgniter.php(788): CodeIgniter\CodeIgniter->Config\{closure}()
#6 C:\xampp\htdocs\classroom\system\CodeIgniter.php(406): CodeIgniter\CodeIgniter->startController()
#7 C:\xampp\htdocs\classroom\system\CodeIgniter.php(326): CodeIgniter\CodeIgniter->handleRequest(NULL, Object(Config\Cache), false)
#8 C:\xampp\htdocs\classroom\public\index.php(37): CodeIgniter\CodeIgniter->run()
#9 {main}
CRITICAL - 2024-05-21 00:34:53 --> Undefined variable $classes
#0 C:\xampp\htdocs\classroom\app\Views\teacher\add_teacher.php(60): CodeIgniter\Debug\Exceptions->errorHandler(2, 'Undefined varia...', 'C:\\xampp\\htdocs...', 60)
#1 C:\xampp\htdocs\classroom\system\View\View.php(210): include('C:\\xampp\\htdocs...')
#2 C:\xampp\htdocs\classroom\system\View\View.php(213): CodeIgniter\View\View->CodeIgniter\View\{closure}()
#3 C:\xampp\htdocs\classroom\system\Common.php(1089): CodeIgniter\View\View->render('teacher/add_tea...', Array, true)
#4 C:\xampp\htdocs\classroom\app\Config\Routes.php(86): view('teacher/add_tea...')
#5 C:\xampp\htdocs\classroom\system\CodeIgniter.php(788): CodeIgniter\CodeIgniter->Config\{closure}()
#6 C:\xampp\htdocs\classroom\system\CodeIgniter.php(406): CodeIgniter\CodeIgniter->startController()
#7 C:\xampp\htdocs\classroom\system\CodeIgniter.php(326): CodeIgniter\CodeIgniter->handleRequest(NULL, Object(Config\Cache), false)
#8 C:\xampp\htdocs\classroom\public\index.php(37): CodeIgniter\CodeIgniter->run()
#9 {main}
CRITICAL - 2024-05-21 00:34:55 --> Undefined variable $classes
#0 C:\xampp\htdocs\classroom\app\Views\teacher\add_teacher.php(60): CodeIgniter\Debug\Exceptions->errorHandler(2, 'Undefined varia...', 'C:\\xampp\\htdocs...', 60)
#1 C:\xampp\htdocs\classroom\system\View\View.php(210): include('C:\\xampp\\htdocs...')
#2 C:\xampp\htdocs\classroom\system\View\View.php(213): CodeIgniter\View\View->CodeIgniter\View\{closure}()
#3 C:\xampp\htdocs\classroom\system\Common.php(1089): CodeIgniter\View\View->render('teacher/add_tea...', Array, true)
#4 C:\xampp\htdocs\classroom\app\Config\Routes.php(86): view('teacher/add_tea...')
#5 C:\xampp\htdocs\classroom\system\CodeIgniter.php(788): CodeIgniter\CodeIgniter->Config\{closure}()
#6 C:\xampp\htdocs\classroom\system\CodeIgniter.php(406): CodeIgniter\CodeIgniter->startController()
#7 C:\xampp\htdocs\classroom\system\CodeIgniter.php(326): CodeIgniter\CodeIgniter->handleRequest(NULL, Object(Config\Cache), false)
#8 C:\xampp\htdocs\classroom\public\index.php(37): CodeIgniter\CodeIgniter->run()
#9 {main}
CRITICAL - 2024-05-21 01:09:40 --> Undefined variable $errors
#0 C:\xampp\htdocs\classroom\app\Views\edit_admin_profile.php(23): CodeIgniter\Debug\Exceptions->errorHandler(2, 'Undefined varia...', 'C:\\xampp\\htdocs...', 23)
#1 C:\xampp\htdocs\classroom\system\View\View.php(210): include('C:\\xampp\\htdocs...')
#2 C:\xampp\htdocs\classroom\system\View\View.php(213): CodeIgniter\View\View->CodeIgniter\View\{closure}()
#3 C:\xampp\htdocs\classroom\system\Common.php(1089): CodeIgniter\View\View->render('edit_admin_prof...', Array, true)
#4 C:\xampp\htdocs\classroom\app\Controllers\AdminController.php(216): view('edit_admin_prof...', Array)
#5 C:\xampp\htdocs\classroom\system\CodeIgniter.php(832): App\Controllers\AdminController->view_edit_admin_profile()
#6 C:\xampp\htdocs\classroom\system\CodeIgniter.php(419): CodeIgniter\CodeIgniter->runController(Object(App\Controllers\AdminController))
#7 C:\xampp\htdocs\classroom\system\CodeIgniter.php(326): CodeIgniter\CodeIgniter->handleRequest(NULL, Object(Config\Cache), false)
#8 C:\xampp\htdocs\classroom\public\index.php(37): CodeIgniter\CodeIgniter->run()
#9 {main}
ERROR - 2024-05-21 01:12:19 --> Cannot add or update a child row: a foreign key constraint fails (`classroom`.`student`, CONSTRAINT `student_ibfk_2` FOREIGN KEY (`class_id`) REFERENCES `class` (`class_id`))
ERROR - 2024-05-21 12:40:47 --> Cannot add or update a child row: a foreign key constraint fails (`classroom`.`student`, CONSTRAINT `student_ibfk_2` FOREIGN KEY (`class_id`) REFERENCES `class` (`class_id`))
ERROR - 2024-05-21 12:41:03 --> Cannot add or update a child row: a foreign key constraint fails (`classroom`.`student`, CONSTRAINT `student_ibfk_2` FOREIGN KEY (`class_id`) REFERENCES `class` (`class_id`))
ERROR - 2024-05-21 12:56:35 --> Cannot add or update a child row: a foreign key constraint fails (`classroom`.`notice`, CONSTRAINT `notice_ibfk_2` FOREIGN KEY (`teacher_id`) REFERENCES `teacher` (`teacher_id`))
ERROR - 2024-05-21 12:59:12 --> Cannot add or update a child row: a foreign key constraint fails (`classroom`.`notice`, CONSTRAINT `notice_ibfk_3` FOREIGN KEY (`class_id`) REFERENCES `class` (`class_id`))
ERROR - 2024-05-21 13:00:36 --> Cannot add or update a child row: a foreign key constraint fails (`classroom`.`notice`, CONSTRAINT `notice_ibfk_3` FOREIGN KEY (`class_id`) REFERENCES `class` (`class_id`))
CRITICAL - 2024-05-21 13:03:34 --> Undefined variable $errors
#0 C:\xampp\htdocs\classroom\app\Views\edit_admin_profile.php(23): CodeIgniter\Debug\Exceptions->errorHandler(2, 'Undefined varia...', 'C:\\xampp\\htdocs...', 23)
#1 C:\xampp\htdocs\classroom\system\View\View.php(210): include('C:\\xampp\\htdocs...')
#2 C:\xampp\htdocs\classroom\system\View\View.php(213): CodeIgniter\View\View->CodeIgniter\View\{closure}()
#3 C:\xampp\htdocs\classroom\system\Common.php(1089): CodeIgniter\View\View->render('edit_admin_prof...', Array, true)
#4 C:\xampp\htdocs\classroom\app\Controllers\AdminController.php(216): view('edit_admin_prof...', Array)
#5 C:\xampp\htdocs\classroom\system\CodeIgniter.php(832): App\Controllers\AdminController->view_edit_admin_profile()
#6 C:\xampp\htdocs\classroom\system\CodeIgniter.php(419): CodeIgniter\CodeIgniter->runController(Object(App\Controllers\AdminController))
#7 C:\xampp\htdocs\classroom\system\CodeIgniter.php(326): CodeIgniter\CodeIgniter->handleRequest(NULL, Object(Config\Cache), false)
#8 C:\xampp\htdocs\classroom\public\index.php(37): CodeIgniter\CodeIgniter->run()
#9 {main}
CRITICAL - 2024-05-21 13:07:05 --> unlink(uploads/pfp/): Is a directory
#0 [internal function]: CodeIgniter\Debug\Exceptions->errorHandler(2, 'unlink(uploads/...', 'C:\\xampp\\htdocs...', 233)
#1 C:\xampp\htdocs\classroom\app\Controllers\AdminController.php(233): unlink('uploads/pfp/')
#2 C:\xampp\htdocs\classroom\system\CodeIgniter.php(832): App\Controllers\AdminController->edit_profile()
#3 C:\xampp\htdocs\classroom\system\CodeIgniter.php(419): CodeIgniter\CodeIgniter->runController(Object(App\Controllers\AdminController))
#4 C:\xampp\htdocs\classroom\system\CodeIgniter.php(326): CodeIgniter\CodeIgniter->handleRequest(NULL, Object(Config\Cache), false)
#5 C:\xampp\htdocs\classroom\public\index.php(37): CodeIgniter\CodeIgniter->run()
#6 {main}
CRITICAL - 2024-05-21 13:10:46 --> unlink(uploads/pfp/): Is a directory
#0 [internal function]: CodeIgniter\Debug\Exceptions->errorHandler(2, 'unlink(uploads/...', 'C:\\xampp\\htdocs...', 233)
#1 C:\xampp\htdocs\classroom\app\Controllers\AdminController.php(233): unlink('uploads/pfp/')
#2 C:\xampp\htdocs\classroom\system\CodeIgniter.php(832): App\Controllers\AdminController->edit_profile()
#3 C:\xampp\htdocs\classroom\system\CodeIgniter.php(419): CodeIgniter\CodeIgniter->runController(Object(App\Controllers\AdminController))
#4 C:\xampp\htdocs\classroom\system\CodeIgniter.php(326): CodeIgniter\CodeIgniter->handleRequest(NULL, Object(Config\Cache), false)
#5 C:\xampp\htdocs\classroom\public\index.php(37): CodeIgniter\CodeIgniter->run()
#6 {main}
ERROR - 2024-05-21 13:20:32 --> Column 'classwork_file' cannot be null
CRITICAL - 2024-05-21 13:23:54 --> syntax error, unexpected single-quoted string "teacher_organisation", expecting "]"
#0 C:\xampp\htdocs\classroom\system\Autoloader\Autoloader.php(241): CodeIgniter\Autoloader\Autoloader->includeFile('C:\\xampp\\htdocs...')
#1 C:\xampp\htdocs\classroom\system\Autoloader\Autoloader.php(219): CodeIgniter\Autoloader\Autoloader->loadInNamespace('App\\Controllers...')
#2 [internal function]: CodeIgniter\Autoloader\Autoloader->loadClass('App\\Controllers...')
#3 C:\xampp\htdocs\classroom\system\CodeIgniter.php(797): class_exists('\\App\\Controller...', true)
#4 C:\xampp\htdocs\classroom\system\CodeIgniter.php(406): CodeIgniter\CodeIgniter->startController()
#5 C:\xampp\htdocs\classroom\system\CodeIgniter.php(326): CodeIgniter\CodeIgniter->handleRequest(NULL, Object(Config\Cache), false)
#6 C:\xampp\htdocs\classroom\public\index.php(37): CodeIgniter\CodeIgniter->run()
#7 {main}
CRITICAL - 2024-05-21 13:25:16 --> Undefined array key "admin"
#0 C:\xampp\htdocs\classroom\app\Controllers\AdminController.php(23): CodeIgniter\Debug\Exceptions->errorHandler(2, 'Undefined array...', 'C:\\xampp\\htdocs...', 23)
#1 C:\xampp\htdocs\classroom\system\CodeIgniter.php(832): App\Controllers\AdminController->index()
#2 C:\xampp\htdocs\classroom\system\CodeIgniter.php(419): CodeIgniter\CodeIgniter->runController(Object(App\Controllers\AdminController))
#3 C:\xampp\htdocs\classroom\system\CodeIgniter.php(326): CodeIgniter\CodeIgniter->handleRequest(NULL, Object(Config\Cache), false)
#4 C:\xampp\htdocs\classroom\public\index.php(37): CodeIgniter\CodeIgniter->run()
#5 {main}
ERROR - 2024-05-21 13:40:53 --> Cannot add or update a child row: a foreign key constraint fails (`classroom`.`student`, CONSTRAINT `student_ibfk_2` FOREIGN KEY (`class_id`) REFERENCES `class` (`class_id`))
CRITICAL - 2024-05-21 13:48:12 --> Undefined global variable $_SESSION
#0 C:\xampp\htdocs\classroom\app\Views\header.php(94): CodeIgniter\Debug\Exceptions->errorHandler(2, 'Undefined globa...', 'C:\\xampp\\htdocs...', 94)
#1 C:\xampp\htdocs\classroom\system\View\View.php(210): include('C:\\xampp\\htdocs...')
#2 C:\xampp\htdocs\classroom\system\View\View.php(213): CodeIgniter\View\View->CodeIgniter\View\{closure}()
#3 C:\xampp\htdocs\classroom\system\Common.php(1089): CodeIgniter\View\View->render('header', Array, true)
#4 C:\xampp\htdocs\classroom\app\Views\class\edit_class.php(1): view('header')
#5 C:\xampp\htdocs\classroom\system\View\View.php(210): include('C:\\xampp\\htdocs...')
#6 C:\xampp\htdocs\classroom\system\View\View.php(213): CodeIgniter\View\View->CodeIgniter\View\{closure}()
#7 C:\xampp\htdocs\classroom\system\Common.php(1089): CodeIgniter\View\View->render('class/edit_clas...', Array, true)
#8 C:\xampp\htdocs\classroom\app\Controllers\ClassController.php(71): view('class/edit_clas...', Array)
#9 C:\xampp\htdocs\classroom\system\CodeIgniter.php(832): App\Controllers\ClassController->singleClass('6')
#10 C:\xampp\htdocs\classroom\system\CodeIgniter.php(419): CodeIgniter\CodeIgniter->runController(Object(App\Controllers\ClassController))
#11 C:\xampp\htdocs\classroom\system\CodeIgniter.php(326): CodeIgniter\CodeIgniter->handleRequest(NULL, Object(Config\Cache), false)
#12 C:\xampp\htdocs\classroom\public\index.php(37): CodeIgniter\CodeIgniter->run()
#13 {main}
ERROR - 2024-05-21 14:08:15 --> Cannot add or update a child row: a foreign key constraint fails (`classroom`.`notice`, CONSTRAINT `notice_ibfk_3` FOREIGN KEY (`class_id`) REFERENCES `class` (`class_id`))
ERROR - 2024-05-21 14:08:42 --> Cannot add or update a child row: a foreign key constraint fails (`classroom`.`notice`, CONSTRAINT `notice_ibfk_3` FOREIGN KEY (`class_id`) REFERENCES `class` (`class_id`))
ERROR - 2024-05-21 14:10:43 --> Cannot add or update a child row: a foreign key constraint fails (`classroom`.`notice`, CONSTRAINT `notice_ibfk_3` FOREIGN KEY (`class_id`) REFERENCES `class` (`class_id`))
ERROR - 2024-05-21 14:29:33 --> Cannot add or update a child row: a foreign key constraint fails (`classroom`.`notice`, CONSTRAINT `notice_ibfk_3` FOREIGN KEY (`class_id`) REFERENCES `class` (`class_id`))
CRITICAL - 2024-05-21 20:46:28 --> Undefined global variable $_SESSION
#0 C:\xampp\htdocs\classroom\app\Views\header.php(94): CodeIgniter\Debug\Exceptions->errorHandler(2, 'Undefined globa...', 'C:\\xampp\\htdocs...', 94)
#1 C:\xampp\htdocs\classroom\system\View\View.php(210): include('C:\\xampp\\htdocs...')
#2 C:\xampp\htdocs\classroom\system\View\View.php(213): CodeIgniter\View\View->CodeIgniter\View\{closure}()
#3 C:\xampp\htdocs\classroom\system\Common.php(1089): CodeIgniter\View\View->render('header', Array, true)
#4 C:\xampp\htdocs\classroom\app\Views\class\edit_class.php(1): view('header')
#5 C:\xampp\htdocs\classroom\system\View\View.php(210): include('C:\\xampp\\htdocs...')
#6 C:\xampp\htdocs\classroom\system\View\View.php(213): CodeIgniter\View\View->CodeIgniter\View\{closure}()
#7 C:\xampp\htdocs\classroom\system\Common.php(1089): CodeIgniter\View\View->render('class/edit_clas...', Array, true)
#8 C:\xampp\htdocs\classroom\app\Controllers\ClassController.php(71): view('class/edit_clas...', Array)
#9 C:\xampp\htdocs\classroom\system\CodeIgniter.php(832): App\Controllers\ClassController->singleClass('6')
#10 C:\xampp\htdocs\classroom\system\CodeIgniter.php(419): CodeIgniter\CodeIgniter->runController(Object(App\Controllers\ClassController))
#11 C:\xampp\htdocs\classroom\system\CodeIgniter.php(326): CodeIgniter\CodeIgniter->handleRequest(NULL, Object(Config\Cache), false)
#12 C:\xampp\htdocs\classroom\public\index.php(37): CodeIgniter\CodeIgniter->run()
#13 {main}
CRITICAL - 2024-05-21 20:46:53 --> Undefined global variable $_SESSION
#0 C:\xampp\htdocs\classroom\app\Views\header.php(94): CodeIgniter\Debug\Exceptions->errorHandler(2, 'Undefined globa...', 'C:\\xampp\\htdocs...', 94)
#1 C:\xampp\htdocs\classroom\system\View\View.php(210): include('C:\\xampp\\htdocs...')
#2 C:\xampp\htdocs\classroom\system\View\View.php(213): CodeIgniter\View\View->CodeIgniter\View\{closure}()
#3 C:\xampp\htdocs\classroom\system\Common.php(1089): CodeIgniter\View\View->render('header', Array, true)
#4 C:\xampp\htdocs\classroom\app\Views\student\view_student_profile_by_admin.php(1): view('header')
#5 C:\xampp\htdocs\classroom\system\View\View.php(210): include('C:\\xampp\\htdocs...')
#6 C:\xampp\htdocs\classroom\system\View\View.php(213): CodeIgniter\View\View->CodeIgniter\View\{closure}()
#7 C:\xampp\htdocs\classroom\system\Common.php(1089): CodeIgniter\View\View->render('student/view_st...', Array, true)
#8 C:\xampp\htdocs\classroom\app\Controllers\StudentController.php(151): view('student/view_st...', Array)
#9 C:\xampp\htdocs\classroom\system\CodeIgniter.php(832): App\Controllers\StudentController->singleStudent('13')
#10 C:\xampp\htdocs\classroom\system\CodeIgniter.php(419): CodeIgniter\CodeIgniter->runController(Object(App\Controllers\StudentController))
#11 C:\xampp\htdocs\classroom\system\CodeIgniter.php(326): CodeIgniter\CodeIgniter->handleRequest(NULL, Object(Config\Cache), false)
#12 C:\xampp\htdocs\classroom\public\index.php(37): CodeIgniter\CodeIgniter->run()
#13 {main}
CRITICAL - 2024-05-21 21:25:23 --> Trying to access array offset on value of type null
#0 C:\xampp\htdocs\classroom\app\Views\assignment\manage_assignment.php(55): CodeIgniter\Debug\Exceptions->errorHandler(2, 'Trying to acces...', 'C:\\xampp\\htdocs...', 55)
#1 C:\xampp\htdocs\classroom\system\View\View.php(210): include('C:\\xampp\\htdocs...')
#2 C:\xampp\htdocs\classroom\system\View\View.php(213): CodeIgniter\View\View->CodeIgniter\View\{closure}()
#3 C:\xampp\htdocs\classroom\system\Common.php(1089): CodeIgniter\View\View->render('assignment/mana...', Array, true)
#4 C:\xampp\htdocs\classroom\app\Controllers\AssignmentController.php(20): view('assignment/mana...', Array)
#5 C:\xampp\htdocs\classroom\system\CodeIgniter.php(832): App\Controllers\AssignmentController->index()
#6 C:\xampp\htdocs\classroom\system\CodeIgniter.php(419): CodeIgniter\CodeIgniter->runController(Object(App\Controllers\AssignmentController))
#7 C:\xampp\htdocs\classroom\system\CodeIgniter.php(326): CodeIgniter\CodeIgniter->handleRequest(NULL, Object(Config\Cache), false)
#8 C:\xampp\htdocs\classroom\public\index.php(37): CodeIgniter\CodeIgniter->run()
#9 {main}
CRITICAL - 2024-05-21 21:25:28 --> Trying to access array offset on value of type null
#0 C:\xampp\htdocs\classroom\app\Views\assignment\manage_assignment.php(55): CodeIgniter\Debug\Exceptions->errorHandler(2, 'Trying to acces...', 'C:\\xampp\\htdocs...', 55)
#1 C:\xampp\htdocs\classroom\system\View\View.php(210): include('C:\\xampp\\htdocs...')
#2 C:\xampp\htdocs\classroom\system\View\View.php(213): CodeIgniter\View\View->CodeIgniter\View\{closure}()
#3 C:\xampp\htdocs\classroom\system\Common.php(1089): CodeIgniter\View\View->render('assignment/mana...', Array, true)
#4 C:\xampp\htdocs\classroom\app\Controllers\AssignmentController.php(20): view('assignment/mana...', Array)
#5 C:\xampp\htdocs\classroom\system\CodeIgniter.php(832): App\Controllers\AssignmentController->index()
#6 C:\xampp\htdocs\classroom\system\CodeIgniter.php(419): CodeIgniter\CodeIgniter->runController(Object(App\Controllers\AssignmentController))
#7 C:\xampp\htdocs\classroom\system\CodeIgniter.php(326): CodeIgniter\CodeIgniter->handleRequest(NULL, Object(Config\Cache), false)
#8 C:\xampp\htdocs\classroom\public\index.php(37): CodeIgniter\CodeIgniter->run()
#9 {main}
