ERROR - 2024-05-20 14:51:20 --> Duplicate entry '0' for key 'PRIMARY'
CRITICAL - 2024-05-20 14:56:40 --> Trying to access array offset on value of type null
#0 C:\xampp\htdocs\classroom\app\Views\view_admin_profile.php(27): CodeIgniter\Debug\Exceptions->errorHandler(2, 'Trying to acces...', 'C:\\xampp\\htdocs...', 27)
#1 C:\xampp\htdocs\classroom\system\View\View.php(210): include('C:\\xampp\\htdocs...')
#2 C:\xampp\htdocs\classroom\system\View\View.php(213): CodeIgniter\View\View->CodeIgniter\View\{closure}()
#3 C:\xampp\htdocs\classroom\system\Common.php(1089): CodeIgniter\View\View->render('view_admin_prof...', Array, true)
#4 C:\xampp\htdocs\classroom\app\Controllers\AdminController.php(207): view('view_admin_prof...', Array)
#5 C:\xampp\htdocs\classroom\system\CodeIgniter.php(832): App\Controllers\AdminController->view_admin()
#6 C:\xampp\htdocs\classroom\system\CodeIgniter.php(419): CodeIgniter\CodeIgniter->runController(Object(App\Controllers\AdminController))
#7 C:\xampp\htdocs\classroom\system\CodeIgniter.php(326): CodeIgniter\CodeIgniter->handleRequest(NULL, Object(Config\Cache), false)
#8 C:\xampp\htdocs\classroom\public\index.php(37): CodeIgniter\CodeIgniter->run()
#9 {main}
ERROR - 2024-05-20 14:58:13 --> Cannot add or update a child row: a foreign key constraint fails (`classroom`.`notice`, CONSTRAINT `notice_ibfk_1` FOREIGN KEY (`admin_id`) REFERENCES `admin` (`admin_id`))
ERROR - 2024-05-20 15:06:40 --> Cannot add or update a child row: a foreign key constraint fails (`classroom`.`class`, CONSTRAINT `class_ibfk_1` FOREIGN KEY (`admin_id`) REFERENCES `admin` (`admin_id`))
ERROR - 2024-05-20 15:07:17 --> Column 'assignment_post_file' cannot be null
ERROR - 2024-05-20 15:08:06 --> Cannot add or update a child row: a foreign key constraint fails (`classroom`.`student`, CONSTRAINT `student_ibfk_1` FOREIGN KEY (`admin_id`) REFERENCES `admin` (`admin_id`))
ERROR - 2024-05-20 15:09:28 --> Cannot add or update a child row: a foreign key constraint fails (`classroom`.`teacher`, CONSTRAINT `teacher_ibfk_1` FOREIGN KEY (`admin_id`) REFERENCES `admin` (`admin_id`))
ERROR - 2024-05-20 15:12:02 --> Cannot add or update a child row: a foreign key constraint fails (`classroom`.`teacher`, CONSTRAINT `teacher_ibfk_1` FOREIGN KEY (`admin_id`) REFERENCES `admin` (`admin_id`))
ERROR - 2024-05-20 15:13:22 --> Cannot add or update a child row: a foreign key constraint fails (`classroom`.`teacher`, CONSTRAINT `teacher_ibfk_1` FOREIGN KEY (`admin_id`) REFERENCES `admin` (`admin_id`))
ERROR - 2024-05-20 15:13:52 --> Cannot add or update a child row: a foreign key constraint fails (`classroom`.`teacher`, CONSTRAINT `teacher_ibfk_1` FOREIGN KEY (`admin_id`) REFERENCES `admin` (`admin_id`))
ERROR - 2024-05-20 15:18:48 --> Cannot add or update a child row: a foreign key constraint fails (`classroom`.`teacher`, CONSTRAINT `teacher_ibfk_2` FOREIGN KEY (`class_id`) REFERENCES `class` (`class_id`))
ERROR - 2024-05-20 15:19:24 --> Cannot add or update a child row: a foreign key constraint fails (`classroom`.`student`, CONSTRAINT `student_ibfk_2` FOREIGN KEY (`class_id`) REFERENCES `class` (`class_id`))
ERROR - 2024-05-20 15:20:24 --> Cannot add or update a child row: a foreign key constraint fails (`classroom`.`teacher`, CONSTRAINT `teacher_ibfk_2` FOREIGN KEY (`class_id`) REFERENCES `class` (`class_id`))
ERROR - 2024-05-20 15:22:23 --> Cannot add or update a child row: a foreign key constraint fails (`classroom`.`teacher`, CONSTRAINT `teacher_ibfk_2` FOREIGN KEY (`class_id`) REFERENCES `class` (`class_id`))
ERROR - 2024-05-20 15:25:37 --> Cannot add or update a child row: a foreign key constraint fails (`classroom`.`student`, CONSTRAINT `student_ibfk_2` FOREIGN KEY (`class_id`) REFERENCES `class` (`class_id`))
ERROR - 2024-05-20 15:34:58 --> Cannot add or update a child row: a foreign key constraint fails (`classroom`.`teacher`, CONSTRAINT `teacher_ibfk_2` FOREIGN KEY (`class_id`) REFERENCES `class` (`class_id`))
ERROR - 2024-05-20 15:36:07 --> Cannot add or update a child row: a foreign key constraint fails (`classroom`.`teacher`, CONSTRAINT `teacher_ibfk_2` FOREIGN KEY (`class_id`) REFERENCES `class` (`class_id`))
ERROR - 2024-05-20 15:37:20 --> Cannot add or update a child row: a foreign key constraint fails (`classroom`.`teacher`, CONSTRAINT `teacher_ibfk_2` FOREIGN KEY (`class_id`) REFERENCES `class` (`class_id`) ON DELETE CASCADE ON UPDATE CASCADE)
ERROR - 2024-05-20 15:38:26 --> Cannot add or update a child row: a foreign key constraint fails (`classroom`.`teacher`, CONSTRAINT `teacher_ibfk_2` FOREIGN KEY (`class_id`) REFERENCES `class` (`class_id`) ON DELETE CASCADE ON UPDATE CASCADE)
ERROR - 2024-05-20 15:38:51 --> Cannot add or update a child row: a foreign key constraint fails (`classroom`.`student`, CONSTRAINT `student_ibfk_2` FOREIGN KEY (`class_id`) REFERENCES `class` (`class_id`))
ERROR - 2024-05-20 23:09:56 --> Cannot add or update a child row: a foreign key constraint fails (`classroom`.`teacher`, CONSTRAINT `teacher_ibfk_2` FOREIGN KEY (`class_id`) REFERENCES `class` (`class_id`) ON DELETE CASCADE ON UPDATE CASCADE)
ERROR - 2024-05-20 23:12:56 --> Cannot add or update a child row: a foreign key constraint fails (`classroom`.`teacher`, CONSTRAINT `teacher_ibfk_2` FOREIGN KEY (`class_id`) REFERENCES `class` (`class_id`) ON DELETE CASCADE ON UPDATE CASCADE)
CRITICAL - 2024-05-20 23:30:28 --> syntax error, unexpected single-quoted string "teacher_organisation", expecting "]"
#0 C:\xampp\htdocs\classroom\system\Autoloader\Autoloader.php(241): CodeIgniter\Autoloader\Autoloader->includeFile('C:\\xampp\\htdocs...')
#1 C:\xampp\htdocs\classroom\system\Autoloader\Autoloader.php(219): CodeIgniter\Autoloader\Autoloader->loadInNamespace('App\\Controllers...')
#2 [internal function]: CodeIgniter\Autoloader\Autoloader->loadClass('App\\Controllers...')
#3 C:\xampp\htdocs\classroom\system\CodeIgniter.php(797): class_exists('\\App\\Controller...', true)
#4 C:\xampp\htdocs\classroom\system\CodeIgniter.php(406): CodeIgniter\CodeIgniter->startController()
#5 C:\xampp\htdocs\classroom\system\CodeIgniter.php(326): CodeIgniter\CodeIgniter->handleRequest(NULL, Object(Config\Cache), false)
#6 C:\xampp\htdocs\classroom\public\index.php(37): CodeIgniter\CodeIgniter->run()
#7 {main}
ERROR - 2024-05-20 23:30:50 --> Cannot add or update a child row: a foreign key constraint fails (`classroom`.`teacher`, CONSTRAINT `teacher_ibfk_2` FOREIGN KEY (`class_id`) REFERENCES `class` (`class_id`) ON DELETE CASCADE ON UPDATE CASCADE)
ERROR - 2024-05-20 23:30:55 --> Cannot add or update a child row: a foreign key constraint fails (`classroom`.`teacher`, CONSTRAINT `teacher_ibfk_2` FOREIGN KEY (`class_id`) REFERENCES `class` (`class_id`) ON DELETE CASCADE ON UPDATE CASCADE)
CRITICAL - 2024-05-20 23:34:51 --> Undefined variable $teachers
#0 C:\xampp\htdocs\classroom\app\Views\teacher\add_teacher.php(60): CodeIgniter\Debug\Exceptions->errorHandler(2, 'Undefined varia...', 'C:\\xampp\\htdocs...', 60)
#1 C:\xampp\htdocs\classroom\system\View\View.php(210): include('C:\\xampp\\htdocs...')
#2 C:\xampp\htdocs\classroom\system\View\View.php(213): CodeIgniter\View\View->CodeIgniter\View\{closure}()
#3 C:\xampp\htdocs\classroom\system\Common.php(1089): CodeIgniter\View\View->render('teacher/add_tea...', Array, true)
#4 C:\xampp\htdocs\classroom\app\Config\Routes.php(86): view('teacher/add_tea...')
#5 C:\xampp\htdocs\classroom\system\CodeIgniter.php(788): CodeIgniter\CodeIgniter->Config\{closure}()
#6 C:\xampp\htdocs\classroom\system\CodeIgniter.php(406): CodeIgniter\CodeIgniter->startController()
#7 C:\xampp\htdocs\classroom\system\CodeIgniter.php(326): CodeIgniter\CodeIgniter->handleRequest(NULL, Object(Config\Cache), false)
#8 C:\xampp\htdocs\classroom\public\index.php(37): CodeIgniter\CodeIgniter->run()
#9 {main}
CRITICAL - 2024-05-20 23:40:24 --> Undefined global variable $_SESSION
#0 C:\xampp\htdocs\classroom\app\Views\header.php(94): CodeIgniter\Debug\Exceptions->errorHandler(2, 'Undefined globa...', 'C:\\xampp\\htdocs...', 94)
#1 C:\xampp\htdocs\classroom\system\View\View.php(210): include('C:\\xampp\\htdocs...')
#2 C:\xampp\htdocs\classroom\system\View\View.php(213): CodeIgniter\View\View->CodeIgniter\View\{closure}()
#3 C:\xampp\htdocs\classroom\system\Common.php(1089): CodeIgniter\View\View->render('header', Array, true)
#4 C:\xampp\htdocs\classroom\app\Views\teacher\view_teacher_profile_by_admin.php(1): view('header')
#5 C:\xampp\htdocs\classroom\system\View\View.php(210): include('C:\\xampp\\htdocs...')
#6 C:\xampp\htdocs\classroom\system\View\View.php(213): CodeIgniter\View\View->CodeIgniter\View\{closure}()
#7 C:\xampp\htdocs\classroom\system\Common.php(1089): CodeIgniter\View\View->render('teacher/view_te...', Array, true)
#8 C:\xampp\htdocs\classroom\app\Controllers\TeacherController.php(87): view('teacher/view_te...', Array)
#9 C:\xampp\htdocs\classroom\system\CodeIgniter.php(832): App\Controllers\TeacherController->singleTeacher('18')
#10 C:\xampp\htdocs\classroom\system\CodeIgniter.php(419): CodeIgniter\CodeIgniter->runController(Object(App\Controllers\TeacherController))
#11 C:\xampp\htdocs\classroom\system\CodeIgniter.php(326): CodeIgniter\CodeIgniter->handleRequest(NULL, Object(Config\Cache), false)
#12 C:\xampp\htdocs\classroom\public\index.php(37): CodeIgniter\CodeIgniter->run()
#13 {main}
